app/build/outputs/logs/manifest-merger-release-report.txt
-- Merging decision tree log ---
manifest
ADDED from src\main\AndroidManifest.xml:2:1-136:12
INJECTED from src\main\AndroidManifest.xml:2:1-136:12
INJECTED from src\main\AndroidManifest.xml:2:1-136:12
INJECTED from src\main\AndroidManifest.xml:2:1-136:12
MERGED from [com.android.support:design:28.0.0] AndroidManifest.xml:17:1-24:12
MERGED from [io.github.kobakei:ratethisapp:1.2.0] AndroidManifest.xml:2:1-11:12
MERGED from [com.android.support:appcompat-v7:28.0.0] AndroidManifest.xml:17:1-22:12
MERGED from [com.android.support:recyclerview-v7:28.0.0] AndroidManifest.xml:17:1-22:12
MERGED from [com.android.support:cardview-v7:28.0.0] AndroidManifest.xml:17:1-22:12
MERGED from [com.google.android.gms:play-services-ads:17.1.1] AndroidManifest.xml:17:1-25:12
MERGED from [com.onesignal:OneSignal:3.10.3] AndroidManifest.xml:2:1-108:12
MERGED from [com.android.support:customtabs:28.0.0] AndroidManifest.xml:17:1-22:12
MERGED from [com.google.android.gms:play-services-analytics:16.0.5] AndroidManifest.xml:17:1-47:12
MERGED from [com.google.firebase:firebase-messaging:17.3.4] AndroidManifest.xml:17:1-37:12
MERGED from [com.squareup.picasso:picasso:2.71828] AndroidManifest.xml:2:1-14:12
MERGED from [com.android.support:transition:28.0.0] AndroidManifest.xml:17:1-22:12
MERGED from [com.android.support:exifinterface:27.1.0] AndroidManifest.xml:17:1-22:12
MERGED from [com.google.android.gms:play-services-tagmanager-v4-impl:16.0.5] AndroidManifest.xml:17:1-24:12
MERGED from [com.google.android.gms:play-services-analytics-impl:16.0.5] AndroidManifest.xml:17:1-31:12
MERGED from [com.google.android.gms:play-services-ads-lite:17.1.1] AndroidManifest.xml:17:1-42:12
MERGED from [com.google.android.gms:play-services-measurement-sdk-api:16.0.3] AndroidManifest.xml:17:1-30:12
MERGED from [com.google.android.gms:play-services-measurement-base:16.0.4] AndroidManifest.xml:2:1-9:12
MERGED from [com.google.firebase:firebase-iid:17.0.4] AndroidManifest.xml:17:1-59:12
MERGED from [com.google.android.gms:play-services-stats:16.0.1] AndroidManifest.xml:2:1-9:12
MERGED from [com.google.android.gms:play-services-ads-identifier:16.0.0] AndroidManifest.xml:17:1-24:12
MERGED from [com.google.android.gms:play-services-gass:17.1.1] AndroidManifest.xml:2:1-9:12
MERGED from [com.google.android.gms:play-services-location:12.0.1] AndroidManifest.xml:2:1-9:12
MERGED from [com.google.firebase:firebase-common:16.0.3] AndroidManifest.xml:2:1-17:12
MERGED from [com.google.firebase:firebase-measurement-connector:17.0.1] AndroidManifest.xml:17:1-25:12
MERGED from [com.google.firebase:firebase-iid-interop:16.0.1] AndroidManifest.xml:2:1-10:12
MERGED from [com.google.android.gms:play-services-base:16.0.1] AndroidManifest.xml:17:1-29:12
MERGED from [com.google.android.gms:play-services-tasks:16.0.1] AndroidManifest.xml:2:1-9:12
MERGED from [com.google.android.gms:play-services-basement:16.0.1] AndroidManifest.xml:17:1-28:12
MERGED from [com.android.support:support-v4:26.1.0] AndroidManifest.xml:17:1-31:12
MERGED from [com.android.support:support-media-compat:26.1.0] AndroidManifest.xml:17:1-31:12
MERGED from [com.android.support:animated-vector-drawable:28.0.0] AndroidManifest.xml:17:1-22:12
MERGED from [com.android.support:support-fragment:28.0.0] AndroidManifest.xml:17:1-22:12
MERGED from [com.android.support:support-core-ui:28.0.0] AndroidManifest.xml:17:1-22:12
MERGED from [com.android.support:swiperefreshlayout:28.0.0] AndroidManifest.xml:17:1-22:12
MERGED from [com.android.support:interpolator:28.0.0] AndroidManifest.xml:17:1-22:12
MERGED from [com.android.support:support-vector-drawable:28.0.0] AndroidManifest.xml:17:1-22:12
MERGED from [com.android.support:support-core-utils:28.0.0] AndroidManifest.xml:17:1-22:12
MERGED from [com.android.support:loader:28.0.0] AndroidManifest.xml:17:1-22:12
MERGED from [com.android.support:viewpager:28.0.0] AndroidManifest.xml:17:1-22:12
MERGED from [com.android.support:coordinatorlayout:28.0.0] AndroidManifest.xml:17:1-22:12
MERGED from [com.android.support:drawerlayout:28.0.0] AndroidManifest.xml:17:1-22:12
MERGED from [com.android.support:slidingpanelayout:28.0.0] AndroidManifest.xml:17:1-22:12
MERGED from [com.android.support:customview:28.0.0] AndroidManifest.xml:17:1-22:12
MERGED from [com.android.support:asynclayoutinflater:28.0.0] AndroidManifest.xml:17:1-22:12
MERGED from [com.android.support:support-compat:28.0.0] AndroidManifest.xml:17:1-24:12
MERGED from [com.android.support:versionedparcelable:28.0.0] AndroidManifest.xml:17:1-25:12
MERGED from [com.android.support:cursoradapter:28.0.0] AndroidManifest.xml:17:1-22:12
MERGED from [android.arch.lifecycle:runtime:1.1.1] AndroidManifest.xml:17:1-22:12
MERGED from [android.arch.lifecycle:livedata:1.1.1] AndroidManifest.xml:17:1-22:12
MERGED from [android.arch.lifecycle:livedata-core:1.1.1] AndroidManifest.xml:17:1-22:12
MERGED from [android.arch.core:runtime:1.1.1] AndroidManifest.xml:17:1-22:12
MERGED from [com.android.support:documentfile:28.0.0] AndroidManifest.xml:17:1-22:12
MERGED from [com.android.support:localbroadcastmanager:28.0.0] AndroidManifest.xml:17:1-22:12
MERGED from [com.android.support:print:28.0.0] AndroidManifest.xml:17:1-22:12
MERGED from [android.arch.lifecycle:viewmodel:1.1.1] AndroidManifest.xml:17:1-22:12
MERGED from [com.google.android.gms:play-services-ads-base:17.1.1] AndroidManifest.xml:2:1-9:12
MERGED from [com.google.android.gms:play-services-location-license:12.0.1] AndroidManifest.xml:17:1-24:12
INJECTED from src\main\AndroidManifest.xml:2:1-136:12
INJECTED from src\main\AndroidManifest.xml:2:1-136:12
INJECTED from src\main\AndroidManifest.xml:2:1-136:12
	package
		ADDED from src\main\AndroidManifest.xml:3:5-28
		INJECTED from src\main\AndroidManifest.xml
		INJECTED from src\main\AndroidManifest.xml
	android:versionName
		INJECTED from src\main\AndroidManifest.xml
		ADDED from src\main\AndroidManifest.xml:2:1-136:12
		INJECTED from src\main\AndroidManifest.xml
	android:versionCode
		INJECTED from src\main\AndroidManifest.xml
		ADDED from src\main\AndroidManifest.xml:2:1-136:12
		INJECTED from src\main\AndroidManifest.xml
	xmlns:android
		ADDED from src\main\AndroidManifest.xml:2:11-69
	android:installLocation
		ADDED from src\main\AndroidManifest.xml:4:5-35
uses-permission#android.permission.INTERNET
ADDED from src\main\AndroidManifest.xml:6:5-67
MERGED from [com.onesignal:OneSignal:3.10.3] AndroidManifest.xml:17:5-67
MERGED from [com.onesignal:OneSignal:3.10.3] AndroidManifest.xml:17:5-67
MERGED from [com.google.android.gms:play-services-analytics:16.0.5] AndroidManifest.xml:23:5-67
MERGED from [com.google.android.gms:play-services-analytics:16.0.5] AndroidManifest.xml:23:5-67
MERGED from [com.google.android.gms:play-services-analytics-impl:16.0.5] AndroidManifest.xml:23:5-67
MERGED from [com.google.android.gms:play-services-analytics-impl:16.0.5] AndroidManifest.xml:23:5-67
MERGED from [com.google.android.gms:play-services-ads-lite:17.1.1] AndroidManifest.xml:23:5-67
MERGED from [com.google.android.gms:play-services-ads-lite:17.1.1] AndroidManifest.xml:23:5-67
MERGED from [com.google.android.gms:play-services-measurement-sdk-api:16.0.3] AndroidManifest.xml:23:5-67
MERGED from [com.google.android.gms:play-services-measurement-sdk-api:16.0.3] AndroidManifest.xml:23:5-67
MERGED from [com.google.firebase:firebase-iid:17.0.4] AndroidManifest.xml:23:5-67
MERGED from [com.google.firebase:firebase-iid:17.0.4] AndroidManifest.xml:23:5-67
	android:name
		ADDED from src\main\AndroidManifest.xml:6:22-64
uses-permission#android.permission.ACCESS_NETWORK_STATE
ADDED from src\main\AndroidManifest.xml:7:5-79
MERGED from [com.onesignal:OneSignal:3.10.3] AndroidManifest.xml:25:5-79
MERGED from [com.onesignal:OneSignal:3.10.3] AndroidManifest.xml:25:5-79
MERGED from [com.google.android.gms:play-services-analytics:16.0.5] AndroidManifest.xml:24:5-79
MERGED from [com.google.android.gms:play-services-analytics:16.0.5] AndroidManifest.xml:24:5-79
MERGED from [com.google.android.gms:play-services-analytics-impl:16.0.5] AndroidManifest.xml:24:5-79
MERGED from [com.google.android.gms:play-services-analytics-impl:16.0.5] AndroidManifest.xml:24:5-79
MERGED from [com.google.android.gms:play-services-ads-lite:17.1.1] AndroidManifest.xml:24:5-79
MERGED from [com.google.android.gms:play-services-ads-lite:17.1.1] AndroidManifest.xml:24:5-79
MERGED from [com.google.android.gms:play-services-measurement-sdk-api:16.0.3] AndroidManifest.xml:24:5-79
MERGED from [com.google.android.gms:play-services-measurement-sdk-api:16.0.3] AndroidManifest.xml:24:5-79
MERGED from [com.google.firebase:firebase-iid:17.0.4] AndroidManifest.xml:22:5-79
MERGED from [com.google.firebase:firebase-iid:17.0.4] AndroidManifest.xml:22:5-79
	android:name
		ADDED from src\main\AndroidManifest.xml:7:22-76
uses-permission#com.android.vending.BILLING
ADDED from src\main\AndroidManifest.xml:8:5-67
	android:name
		ADDED from src\main\AndroidManifest.xml:8:22-64
application
ADDED from src\main\AndroidManifest.xml:10:5-135:19
MERGED from [com.android.support:design:28.0.0] AndroidManifest.xml:22:5-20
MERGED from [com.android.support:design:28.0.0] AndroidManifest.xml:22:5-20
MERGED from [com.onesignal:OneSignal:3.10.3] AndroidManifest.xml:49:5-106:19
MERGED from [com.onesignal:OneSignal:3.10.3] AndroidManifest.xml:49:5-106:19
MERGED from [com.google.android.gms:play-services-analytics:16.0.5] AndroidManifest.xml:29:5-45:19
MERGED from [com.google.android.gms:play-services-analytics:16.0.5] AndroidManifest.xml:29:5-45:19
MERGED from [com.google.firebase:firebase-messaging:17.3.4] AndroidManifest.xml:22:5-35:19
MERGED from [com.google.firebase:firebase-messaging:17.3.4] AndroidManifest.xml:22:5-35:19
MERGED from [com.squareup.picasso:picasso:2.71828] AndroidManifest.xml:7:5-12:19
MERGED from [com.squareup.picasso:picasso:2.71828] AndroidManifest.xml:7:5-12:19
MERGED from [com.google.android.gms:play-services-tagmanager-v4-impl:16.0.5] AndroidManifest.xml:22:5-20
MERGED from [com.google.android.gms:play-services-tagmanager-v4-impl:16.0.5] AndroidManifest.xml:22:5-20
MERGED from [com.google.android.gms:play-services-analytics-impl:16.0.5] AndroidManifest.xml:29:5-20
MERGED from [com.google.android.gms:play-services-analytics-impl:16.0.5] AndroidManifest.xml:29:5-20
MERGED from [com.google.android.gms:play-services-ads-lite:17.1.1] AndroidManifest.xml:26:5-40:19
MERGED from [com.google.android.gms:play-services-ads-lite:17.1.1] AndroidManifest.xml:26:5-40:19
MERGED from [com.google.android.gms:play-services-measurement-sdk-api:16.0.3] AndroidManifest.xml:27:5-28:19
MERGED from [com.google.android.gms:play-services-measurement-sdk-api:16.0.3] AndroidManifest.xml:27:5-28:19
MERGED from [com.google.android.gms:play-services-measurement-base:16.0.4] AndroidManifest.xml:7:5-20
MERGED from [com.google.android.gms:play-services-measurement-base:16.0.4] AndroidManifest.xml:7:5-20
MERGED from [com.google.firebase:firebase-iid:17.0.4] AndroidManifest.xml:28:5-57:19
MERGED from [com.google.firebase:firebase-iid:17.0.4] AndroidManifest.xml:28:5-57:19
MERGED from [com.google.android.gms:play-services-stats:16.0.1] AndroidManifest.xml:7:5-20
MERGED from [com.google.android.gms:play-services-stats:16.0.1] AndroidManifest.xml:7:5-20
MERGED from [com.google.android.gms:play-services-ads-identifier:16.0.0] AndroidManifest.xml:22:5-20
MERGED from [com.google.android.gms:play-services-ads-identifier:16.0.0] AndroidManifest.xml:22:5-20
MERGED from [com.google.android.gms:play-services-gass:17.1.1] AndroidManifest.xml:7:5-20
MERGED from [com.google.android.gms:play-services-gass:17.1.1] AndroidManifest.xml:7:5-20
MERGED from [com.google.android.gms:play-services-location:12.0.1] AndroidManifest.xml:7:5-20
MERGED from [com.google.android.gms:play-services-location:12.0.1] AndroidManifest.xml:7:5-20
MERGED from [com.google.firebase:firebase-common:16.0.3] AndroidManifest.xml:9:5-15:19
MERGED from [com.google.firebase:firebase-common:16.0.3] AndroidManifest.xml:9:5-15:19
MERGED from [com.google.firebase:firebase-measurement-connector:17.0.1] AndroidManifest.xml:22:5-23:19
MERGED from [com.google.firebase:firebase-measurement-connector:17.0.1] AndroidManifest.xml:22:5-23:19
MERGED from [com.google.firebase:firebase-iid-interop:16.0.1] AndroidManifest.xml:7:5-8:19
MERGED from [com.google.firebase:firebase-iid-interop:16.0.1] AndroidManifest.xml:7:5-8:19
MERGED from [com.google.android.gms:play-services-base:16.0.1] AndroidManifest.xml:22:5-27:19
MERGED from [com.google.android.gms:play-services-base:16.0.1] AndroidManifest.xml:22:5-27:19
MERGED from [com.google.android.gms:play-services-tasks:16.0.1] AndroidManifest.xml:7:5-20
MERGED from [com.google.android.gms:play-services-tasks:16.0.1] AndroidManifest.xml:7:5-20
MERGED from [com.google.android.gms:play-services-basement:16.0.1] AndroidManifest.xml:22:5-26:19
MERGED from [com.google.android.gms:play-services-basement:16.0.1] AndroidManifest.xml:22:5-26:19
MERGED from [com.android.support:support-v4:26.1.0] AndroidManifest.xml:25:5-29:19
MERGED from [com.android.support:support-v4:26.1.0] AndroidManifest.xml:25:5-29:19
MERGED from [com.android.support:support-media-compat:26.1.0] AndroidManifest.xml:25:5-29:19
MERGED from [com.android.support:support-media-compat:26.1.0] AndroidManifest.xml:25:5-29:19
MERGED from [com.android.support:support-compat:28.0.0] AndroidManifest.xml:22:5-94
MERGED from [com.android.support:support-compat:28.0.0] AndroidManifest.xml:22:5-94
MERGED from [com.android.support:versionedparcelable:28.0.0] AndroidManifest.xml:22:5-23:19
MERGED from [com.android.support:versionedparcelable:28.0.0] AndroidManifest.xml:22:5-23:19
MERGED from [com.google.android.gms:play-services-ads-base:17.1.1] AndroidManifest.xml:7:5-20
MERGED from [com.google.android.gms:play-services-ads-base:17.1.1] AndroidManifest.xml:7:5-20
MERGED from [com.google.android.gms:play-services-location-license:12.0.1] AndroidManifest.xml:22:5-20
MERGED from [com.google.android.gms:play-services-location-license:12.0.1] AndroidManifest.xml:22:5-20
	android:appComponentFactory
		ADDED from [com.android.support:support-compat:28.0.0] AndroidManifest.xml:22:18-91
	android:label
		ADDED from src\main\AndroidManifest.xml:14:9-41
	android:icon
		ADDED from src\main\AndroidManifest.xml:13:9-43
	android:allowBackup
		ADDED from src\main\AndroidManifest.xml:12:9-35
	android:theme
		ADDED from src\main\AndroidManifest.xml:15:9-40
	android:name
		ADDED from src\main\AndroidManifest.xml:11:9-44
meta-data#asset_statements
ADDED from src\main\AndroidManifest.xml:16:9-18:59
	android:resource
		ADDED from src\main\AndroidManifest.xml:18:13-56
	android:name
		ADDED from src\main\AndroidManifest.xml:17:13-44
activity#com.gaiadergi.SplashActivity
ADDED from src\main\AndroidManifest.xml:20:9-29:20
	android:screenOrientation
		ADDED from src\main\AndroidManifest.xml:22:13-49
	android:theme
		ADDED from src\main\AndroidManifest.xml:23:13-71
	android:name
		ADDED from src\main\AndroidManifest.xml:21:13-43
intent-filter#action:name:android.intent.action.MAIN+category:name:android.intent.category.LAUNCHER
ADDED from src\main\AndroidManifest.xml:24:13-28:29
action#android.intent.action.MAIN
ADDED from src\main\AndroidManifest.xml:25:17-69
	android:name
		ADDED from src\main\AndroidManifest.xml:25:25-66
category#android.intent.category.LAUNCHER
ADDED from src\main\AndroidManifest.xml:27:17-77
	android:name
		ADDED from src\main\AndroidManifest.xml:27:27-74
activity#com.gaiadergi.MainActivity
ADDED from src\main\AndroidManifest.xml:30:9-73:20
	android:label
		ADDED from src\main\AndroidManifest.xml:32:13-29
	android:name
		ADDED from src\main\AndroidManifest.xml:31:13-41
intent-filter#action:name:android.intent.action.VIEW+category:name:android.intent.category.BROWSABLE+category:name:android.intent.category.DEFAULT+data:host:gaiadergi.com+data:scheme:http
ADDED from src\main\AndroidManifest.xml:33:13-42:29
	android:autoVerify
		ADDED from src\main\AndroidManifest.xml:33:28-53
action#android.intent.action.VIEW
ADDED from src\main\AndroidManifest.xml:34:17-69
	android:name
		ADDED from src\main\AndroidManifest.xml:34:25-66
category#android.intent.category.DEFAULT
ADDED from src\main\AndroidManifest.xml:36:17-76
	android:name
		ADDED from src\main\AndroidManifest.xml:36:27-73
category#android.intent.category.BROWSABLE
ADDED from src\main\AndroidManifest.xml:37:17-78
	android:name
		ADDED from src\main\AndroidManifest.xml:37:27-75
data
ADDED from src\main\AndroidManifest.xml:39:17-41:45
	android:host
		ADDED from src\main\AndroidManifest.xml:40:21-49
	android:scheme
		ADDED from src\main\AndroidManifest.xml:41:21-42
intent-filter#action:name:android.intent.action.VIEW+category:name:android.intent.category.BROWSABLE+category:name:android.intent.category.DEFAULT+data:host:www.gaiadergi.com+data:scheme:http
ADDED from src\main\AndroidManifest.xml:43:13-52:29
intent-filter#action:name:android.intent.action.VIEW+category:name:android.intent.category.BROWSABLE+category:name:android.intent.category.DEFAULT+data:host:gaiadergi.com+data:scheme:https
ADDED from src\main\AndroidManifest.xml:53:13-62:29
intent-filter#action:name:android.intent.action.VIEW+category:name:android.intent.category.BROWSABLE+category:name:android.intent.category.DEFAULT+data:host:www.gaiadergi.com+data:scheme:https
ADDED from src\main\AndroidManifest.xml:63:13-72:29
activity#com.gaiadergi.ActivityContent
ADDED from src\main\AndroidManifest.xml:74:9-78:51
	android:parentActivityName
		ADDED from src\main\AndroidManifest.xml:77:13-55
	android:label
		ADDED from src\main\AndroidManifest.xml:76:13-29
	android:theme
		ADDED from src\main\AndroidManifest.xml:78:13-48
	android:name
		ADDED from src\main\AndroidManifest.xml:75:13-44
activity#com.gaiadergi.ActivityAbout
ADDED from src\main\AndroidManifest.xml:79:9-82:58
	android:parentActivityName
		ADDED from src\main\AndroidManifest.xml:82:13-55
	android:label
		ADDED from src\main\AndroidManifest.xml:81:13-51
	android:name
		ADDED from src\main\AndroidManifest.xml:80:13-42
activity#com.gaiadergi.ActivityFavorites
ADDED from src\main\AndroidManifest.xml:83:9-86:58
	android:parentActivityName
		ADDED from src\main\AndroidManifest.xml:86:13-55
	android:label
		ADDED from src\main\AndroidManifest.xml:85:13-55
	android:name
		ADDED from src\main\AndroidManifest.xml:84:13-46
activity#com.gaiadergi.ActivitySearch
ADDED from src\main\AndroidManifest.xml:87:9-104:20
	android:parentActivityName
		ADDED from src\main\AndroidManifest.xml:90:13-55
	android:launchMode
		ADDED from src\main\AndroidManifest.xml:89:13-43
	android:name
		ADDED from src\main\AndroidManifest.xml:88:13-43
intent-filter#action:name:android.intent.action.SEARCH+action:name:android.intent.action.VIEW
ADDED from src\main\AndroidManifest.xml:92:13-95:29
action#android.intent.action.SEARCH
ADDED from src\main\AndroidManifest.xml:93:17-71
	android:name
		ADDED from src\main\AndroidManifest.xml:93:25-68
meta-data#android.app.default_searchable
ADDED from src\main\AndroidManifest.xml:97:13-99:51
	android:value
		ADDED from src\main\AndroidManifest.xml:99:17-48
	android:name
		ADDED from src\main\AndroidManifest.xml:98:17-62
meta-data#android.app.searchable
ADDED from src\main\AndroidManifest.xml:101:13-103:54
	android:resource
		ADDED from src\main\AndroidManifest.xml:103:17-51
	android:name
		ADDED from src\main\AndroidManifest.xml:102:17-54
activity#com.gaiadergi.ActivityStore
ADDED from src\main\AndroidManifest.xml:105:9-108:58
	android:parentActivityName
		ADDED from src\main\AndroidManifest.xml:108:13-55
	android:label
		ADDED from src\main\AndroidManifest.xml:107:13-51
	android:name
		ADDED from src\main\AndroidManifest.xml:106:13-42
activity#com.gaiadergi.ActivitySettings
ADDED from src\main\AndroidManifest.xml:109:9-112:58
	android:parentActivityName
		ADDED from src\main\AndroidManifest.xml:112:13-55
	android:label
		ADDED from src\main\AndroidManifest.xml:111:13-54
	android:name
		ADDED from src\main\AndroidManifest.xml:110:13-45
activity#com.gaiadergi.ActivitySharings
ADDED from src\main\AndroidManifest.xml:113:9-116:58
	android:parentActivityName
		ADDED from src\main\AndroidManifest.xml:116:13-55
	android:label
		ADDED from src\main\AndroidManifest.xml:115:13-54
	android:name
		ADDED from src\main\AndroidManifest.xml:114:13-45
meta-data#com.google.android.gms.version
ADDED from src\main\AndroidManifest.xml:119:9-121:69
MERGED from [com.google.android.gms:play-services-basement:16.0.1] AndroidManifest.xml:23:9-25:69
MERGED from [com.google.android.gms:play-services-basement:16.0.1] AndroidManifest.xml:23:9-25:69
	android:value
		ADDED from src\main\AndroidManifest.xml:121:13-66
	android:name
		ADDED from src\main\AndroidManifest.xml:120:13-58
meta-data#com.google.android.gms.ads.APPLICATION_ID
ADDED from src\main\AndroidManifest.xml:124:9-126:69
	android:value
		ADDED from src\main\AndroidManifest.xml:126:13-67
	android:name
		ADDED from src\main\AndroidManifest.xml:125:13-69
meta-data#com.google.firebase.messaging.default_notification_icon
ADDED from src\main\AndroidManifest.xml:129:9-131:54
	android:resource
		ADDED from src\main\AndroidManifest.xml:131:13-51
	android:name
		ADDED from src\main\AndroidManifest.xml:130:13-83
meta-data#com.google.firebase.messaging.default_notification_color
ADDED from src\main\AndroidManifest.xml:132:9-134:59
	android:resource
		ADDED from src\main\AndroidManifest.xml:134:13-56
	android:name
		ADDED from src\main\AndroidManifest.xml:133:13-84
uses-sdk
INJECTED from src\main\AndroidManifest.xml reason: use-sdk injection requested
INJECTED from src\main\AndroidManifest.xml
INJECTED from src\main\AndroidManifest.xml
MERGED from [com.android.support:design:28.0.0] AndroidManifest.xml:20:5-44
MERGED from [com.android.support:design:28.0.0] AndroidManifest.xml:20:5-44
MERGED from [io.github.kobakei:ratethisapp:1.2.0] AndroidManifest.xml:7:5-9:41
MERGED from [io.github.kobakei:ratethisapp:1.2.0] AndroidManifest.xml:7:5-9:41
MERGED from [com.android.support:appcompat-v7:28.0.0] AndroidManifest.xml:20:5-44
MERGED from [com.android.support:appcompat-v7:28.0.0] AndroidManifest.xml:20:5-44
MERGED from [com.android.support:recyclerview-v7:28.0.0] AndroidManifest.xml:20:5-44
MERGED from [com.android.support:recyclerview-v7:28.0.0] AndroidManifest.xml:20:5-44
MERGED from [com.android.support:cardview-v7:28.0.0] AndroidManifest.xml:20:5-44
MERGED from [com.android.support:cardview-v7:28.0.0] AndroidManifest.xml:20:5-44
MERGED from [com.google.android.gms:play-services-ads:17.1.1] AndroidManifest.xml:21:5-23:62
MERGED from [com.google.android.gms:play-services-ads:17.1.1] AndroidManifest.xml:21:5-23:62
MERGED from [com.onesignal:OneSignal:3.10.3] AndroidManifest.xml:5:5-44
MERGED from [com.onesignal:OneSignal:3.10.3] AndroidManifest.xml:5:5-44
MERGED from [com.android.support:customtabs:28.0.0] AndroidManifest.xml:20:5-44
MERGED from [com.android.support:customtabs:28.0.0] AndroidManifest.xml:20:5-44
MERGED from [com.google.android.gms:play-services-analytics:16.0.5] AndroidManifest.xml:20:5-44
MERGED from [com.google.android.gms:play-services-analytics:16.0.5] AndroidManifest.xml:20:5-44
MERGED from [com.google.firebase:firebase-messaging:17.3.4] AndroidManifest.xml:20:5-44
MERGED from [com.google.firebase:firebase-messaging:17.3.4] AndroidManifest.xml:20:5-44
MERGED from [com.squareup.picasso:picasso:2.71828] AndroidManifest.xml:5:5-44
MERGED from [com.squareup.picasso:picasso:2.71828] AndroidManifest.xml:5:5-44
MERGED from [com.android.support:transition:28.0.0] AndroidManifest.xml:20:5-44
MERGED from [com.android.support:transition:28.0.0] AndroidManifest.xml:20:5-44
MERGED from [com.android.support:exifinterface:27.1.0] AndroidManifest.xml:20:5-44
MERGED from [com.android.support:exifinterface:27.1.0] AndroidManifest.xml:20:5-44
MERGED from [com.google.android.gms:play-services-tagmanager-v4-impl:16.0.5] AndroidManifest.xml:20:5-44
MERGED from [com.google.android.gms:play-services-tagmanager-v4-impl:16.0.5] AndroidManifest.xml:20:5-44
MERGED from [com.google.android.gms:play-services-analytics-impl:16.0.5] AndroidManifest.xml:20:5-44
MERGED from [com.google.android.gms:play-services-analytics-impl:16.0.5] AndroidManifest.xml:20:5-44
MERGED from [com.google.android.gms:play-services-ads-lite:17.1.1] AndroidManifest.xml:20:5-44
MERGED from [com.google.android.gms:play-services-ads-lite:17.1.1] AndroidManifest.xml:20:5-44
MERGED from [com.google.android.gms:play-services-measurement-sdk-api:16.0.3] AndroidManifest.xml:20:5-44
MERGED from [com.google.android.gms:play-services-measurement-sdk-api:16.0.3] AndroidManifest.xml:20:5-44
MERGED from [com.google.android.gms:play-services-measurement-base:16.0.4] AndroidManifest.xml:5:5-44
MERGED from [com.google.android.gms:play-services-measurement-base:16.0.4] AndroidManifest.xml:5:5-44
MERGED from [com.google.firebase:firebase-iid:17.0.4] AndroidManifest.xml:20:5-44
MERGED from [com.google.firebase:firebase-iid:17.0.4] AndroidManifest.xml:20:5-44
MERGED from [com.google.android.gms:play-services-stats:16.0.1] AndroidManifest.xml:5:5-44
MERGED from [com.google.android.gms:play-services-stats:16.0.1] AndroidManifest.xml:5:5-44
MERGED from [com.google.android.gms:play-services-ads-identifier:16.0.0] AndroidManifest.xml:20:5-44
MERGED from [com.google.android.gms:play-services-ads-identifier:16.0.0] AndroidManifest.xml:20:5-44
MERGED from [com.google.android.gms:play-services-gass:17.1.1] AndroidManifest.xml:5:5-44
MERGED from [com.google.android.gms:play-services-gass:17.1.1] AndroidManifest.xml:5:5-44
MERGED from [com.google.android.gms:play-services-location:12.0.1] AndroidManifest.xml:5:5-44
MERGED from [com.google.android.gms:play-services-location:12.0.1] AndroidManifest.xml:5:5-44
MERGED from [com.google.firebase:firebase-common:16.0.3] AndroidManifest.xml:5:5-7:41
MERGED from [com.google.firebase:firebase-common:16.0.3] AndroidManifest.xml:5:5-7:41
MERGED from [com.google.firebase:firebase-measurement-connector:17.0.1] AndroidManifest.xml:20:5-44
MERGED from [com.google.firebase:firebase-measurement-connector:17.0.1] AndroidManifest.xml:20:5-44
MERGED from [com.google.firebase:firebase-iid-interop:16.0.1] AndroidManifest.xml:5:5-44
MERGED from [com.google.firebase:firebase-iid-interop:16.0.1] AndroidManifest.xml:5:5-44
MERGED from [com.google.android.gms:play-services-base:16.0.1] AndroidManifest.xml:20:5-44
MERGED from [com.google.android.gms:play-services-base:16.0.1] AndroidManifest.xml:20:5-44
MERGED from [com.google.android.gms:play-services-tasks:16.0.1] AndroidManifest.xml:5:5-44
MERGED from [com.google.android.gms:play-services-tasks:16.0.1] AndroidManifest.xml:5:5-44
MERGED from [com.google.android.gms:play-services-basement:16.0.1] AndroidManifest.xml:20:5-44
MERGED from [com.google.android.gms:play-services-basement:16.0.1] AndroidManifest.xml:20:5-44
MERGED from [com.android.support:support-v4:26.1.0] AndroidManifest.xml:21:5-23:54
MERGED from [com.android.support:support-v4:26.1.0] AndroidManifest.xml:21:5-23:54
MERGED from [com.android.support:support-media-compat:26.1.0] AndroidManifest.xml:21:5-23:63
MERGED from [com.android.support:support-media-compat:26.1.0] AndroidManifest.xml:21:5-23:63
MERGED from [com.android.support:animated-vector-drawable:28.0.0] AndroidManifest.xml:20:5-44
MERGED from [com.android.support:animated-vector-drawable:28.0.0] AndroidManifest.xml:20:5-44
MERGED from [com.android.support:support-fragment:28.0.0] AndroidManifest.xml:20:5-44
MERGED from [com.android.support:support-fragment:28.0.0] AndroidManifest.xml:20:5-44
MERGED from [com.android.support:support-core-ui:28.0.0] AndroidManifest.xml:20:5-44
MERGED from [com.android.support:support-core-ui:28.0.0] AndroidManifest.xml:20:5-44
MERGED from [com.android.support:swiperefreshlayout:28.0.0] AndroidManifest.xml:20:5-44
MERGED from [com.android.support:swiperefreshlayout:28.0.0] AndroidManifest.xml:20:5-44
MERGED from [com.android.support:interpolator:28.0.0] AndroidManifest.xml:20:5-44
MERGED from [com.android.support:interpolator:28.0.0] AndroidManifest.xml:20:5-44
MERGED from [com.android.support:support-vector-drawable:28.0.0] AndroidManifest.xml:20:5-44
MERGED from [com.android.support:support-vector-drawable:28.0.0] AndroidManifest.xml:20:5-44
MERGED from [com.android.support:support-core-utils:28.0.0] AndroidManifest.xml:20:5-44
MERGED from [com.android.support:support-core-utils:28.0.0] AndroidManifest.xml:20:5-44
MERGED from [com.android.support:loader:28.0.0] AndroidManifest.xml:20:5-44
MERGED from [com.android.support:loader:28.0.0] AndroidManifest.xml:20:5-44
MERGED from [com.android.support:viewpager:28.0.0] AndroidManifest.xml:20:5-44
MERGED from [com.android.support:viewpager:28.0.0] AndroidManifest.xml:20:5-44
MERGED from [com.android.support:coordinatorlayout:28.0.0] AndroidManifest.xml:20:5-44
MERGED from [com.android.support:coordinatorlayout:28.0.0] AndroidManifest.xml:20:5-44
MERGED from [com.android.support:drawerlayout:28.0.0] AndroidManifest.xml:20:5-44
MERGED from [com.android.support:drawerlayout:28.0.0] AndroidManifest.xml:20:5-44
MERGED from [com.android.support:slidingpanelayout:28.0.0] AndroidManifest.xml:20:5-44
MERGED from [com.android.support:slidingpanelayout:28.0.0] AndroidManifest.xml:20:5-44
MERGED from [com.android.support:customview:28.0.0] AndroidManifest.xml:20:5-44
MERGED from [com.android.support:customview:28.0.0] AndroidManifest.xml:20:5-44
MERGED from [com.android.support:asynclayoutinflater:28.0.0] AndroidManifest.xml:20:5-44
MERGED from [com.android.support:asynclayoutinflater:28.0.0] AndroidManifest.xml:20:5-44
MERGED from [com.android.support:support-compat:28.0.0] AndroidManifest.xml:20:5-44
MERGED from [com.android.support:support-compat:28.0.0] AndroidManifest.xml:20:5-44
MERGED from [com.android.support:versionedparcelable:28.0.0] AndroidManifest.xml:20:5-44
MERGED from [com.android.support:versionedparcelable:28.0.0] AndroidManifest.xml:20:5-44
MERGED from [com.android.support:cursoradapter:28.0.0] AndroidManifest.xml:20:5-44